<?xml version="1.0" encoding="UTF-8"?>
<!-- Generated by org.testng.reporters.JUnitXMLReporter -->
<testsuite hostname="DESKTOP-5EJCPO3" ignored="0" name="vkAPI" tests="12" failures="0" timestamp="26 июн 2017 11:27:10 GMT" time="7.394" errors="0">
  <testcase name="testRandInt" time="5.283" classname="org.testng.testng.r"/>
  <testcase name="negativeTestRandInt" time="5.292" classname="org.testng.testng.r"/>
  <testcase name="testWithDataProvider" time="5.319" classname="org.testng.testng.r"/>
  <testcase name="testMaxIntPlus1" time="5.371" classname="org.testng.testng.r"/>
  <testcase name="testMaxInt" time="5.403" classname="org.testng.testng.r"/>
  <testcase name="testRandDouble" time="0.579" classname="org.testng.testng.r"/>
  <testcase name="testWithDataProvider" time="0.683" classname="org.testng.testng.r"/>
  <testcase name="negativeTestRandDouble" time="0.844" classname="org.testng.testng.r"/>
  <testcase name="testRandString" time="1.089" classname="org.testng.testng.r"/>
  <testcase name="testWithDataProvider" time="0.657" classname="org.testng.testng.r"/>
  <testcase name="testWithDataProvider" time="0.339" classname="org.testng.testng.r"/>
  <testcase name="testWithDataProvider" time="0.31" classname="org.testng.testng.r"/>
</testsuite> <!-- vkAPI -->
