<?xml version="1.0" encoding="UTF-8"?>
<!-- Generated by org.testng.reporters.JUnitXMLReporter -->
<testsuite hostname="DESKTOP-5EJCPO3" ignored="0" name="vkAPI" tests="12" failures="0" timestamp="26 июн 2017 10:33:02 GMT" time="8.173" errors="0">
  <testcase name="negativeTestRandInt" time="4.071" classname="org.testng.testng.r"/>
  <testcase name="testMaxInt" time="0.388" classname="org.testng.testng.r"/>
  <testcase name="testMaxIntPlus1" time="0.362" classname="org.testng.testng.r"/>
  <testcase name="testRandInt" time="0.424" classname="org.testng.testng.r"/>
  <testcase name="testWithDataProvider" time="0.398" classname="org.testng.testng.r"/>
  <testcase name="testWithDataProvider" time="0.314" classname="org.testng.testng.r"/>
  <testcase name="testWithDataProvider" time="0.366" classname="org.testng.testng.r"/>
  <testcase name="testWithDataProvider" time="0.362" classname="org.testng.testng.r"/>
  <testcase name="testWithDataProvider" time="0.376" classname="org.testng.testng.r"/>
  <testcase name="negativeTestRandDouble" time="0.345" classname="org.testng.testng.r"/>
  <testcase name="testRandDouble" time="0.308" classname="org.testng.testng.r"/>
  <testcase name="testRandString" time="0.356" classname="org.testng.testng.r"/>
</testsuite> <!-- vkAPI -->
