<?xml version="1.0" encoding="UTF-8"?>
<!-- Generated by org.testng.reporters.JUnitXMLReporter -->
<testsuite hostname="DESKTOP-5EJCPO3" ignored="0" name="Default test" tests="12" failures="0" timestamp="28 июн 2017 07:28:50 GMT" time="8.475" errors="0">
  <testcase name="negativeTestRandInt" time="4.872" classname="org.testng.testng.r"/>
  <testcase name="testMaxInt" time="0.322" classname="org.testng.testng.r"/>
  <testcase name="testMaxIntPlus1" time="0.324" classname="org.testng.testng.r"/>
  <testcase name="testRandInt" time="0.326" classname="org.testng.testng.r"/>
  <testcase name="testWithDataProvider" time="0.308" classname="org.testng.testng.r"/>
  <testcase name="testWithDataProvider" time="0.313" classname="org.testng.testng.r"/>
  <testcase name="testWithDataProvider" time="0.336" classname="org.testng.testng.r"/>
  <testcase name="testWithDataProvider" time="0.319" classname="org.testng.testng.r"/>
  <testcase name="testWithDataProvider" time="0.295" classname="org.testng.testng.r"/>
  <testcase name="negativeTestRandDouble" time="0.324" classname="org.testng.testng.r"/>
  <testcase name="testRandDouble" time="0.296" classname="org.testng.testng.r"/>
  <testcase name="testRandString" time="0.326" classname="org.testng.testng.r"/>
</testsuite> <!-- Default test -->
